2025-01-16T16:33:41.318Z [INFO] Connecting to MongoDB...
2025-01-16T16:33:41.351Z [INFO] Successfully connected to MongoDB!
2025-01-16T16:33:41.353Z [INFO] Server is running on http://localhost:5000
2025-01-16T16:33:41.353Z [INFO] API available at http://localhost:5000/api/raffles
2025-01-16T16:33:41.353Z [INFO] Admin Dashboard available at http://localhost:5000/dashboard
2025-01-16T16:33:44.417Z [INFO] Base route accessed.
2025-01-16T16:33:48.424Z [DEBUG] Middleware triggered for /dashboard route.
2025-01-16T16:33:48.472Z [WARN] 404 Error: Route not found: GET /css/styles.css
2025-01-16T16:37:50.426Z [INFO] Connecting to MongoDB...
2025-01-16T16:37:50.457Z [INFO] Successfully connected to MongoDB!
2025-01-16T16:37:50.459Z [INFO] Server is running on http://localhost:5000
2025-01-16T16:37:50.459Z [INFO] API available at http://localhost:5000/api/raffles
2025-01-16T16:37:50.460Z [INFO] Admin Dashboard available at http://localhost:5000/dashboard
2025-01-16T16:37:56.188Z [INFO] Base route accessed.
2025-01-16T16:38:05.264Z [WARN] 404 Error: Route not found: GET /css/styles.css
2025-01-16T16:42:48.617Z [WARN] 404 Error: Route not found: GET /css/styles.css
2025-01-16T16:44:46.016Z [WARN] 404 Error: Route not found: GET /css/styles.css
2025-01-16T16:47:14.458Z [INFO] Connecting to MongoDB...
2025-01-16T16:47:14.490Z [INFO] Successfully connected to MongoDB!
2025-01-16T16:47:14.492Z [INFO] Server is running on http://localhost:5000
2025-01-16T16:47:14.492Z [INFO] API available at http://localhost:5000/api/raffles
2025-01-16T16:47:14.492Z [INFO] Admin Dashboard available at http://localhost:5000/dashboard
2025-01-16T16:47:17.168Z [INFO] Base route accessed.
2025-01-16T16:47:25.289Z [WARN] 404 Error: Route not found: GET /css/styles.css
2025-01-16T16:49:54.732Z [INFO] Connecting to MongoDB...
2025-01-16T16:49:54.763Z [INFO] Successfully connected to MongoDB!
2025-01-16T16:49:54.766Z [INFO] Server is running on http://localhost:5000
2025-01-16T16:49:54.766Z [INFO] API available at http://localhost:5000/api/raffles
2025-01-16T16:49:54.766Z [INFO] Admin Dashboard available at http://localhost:5000/dashboard
2025-01-16T16:49:59.802Z [WARN] 404 Error: Route not found: GET /dashboard/css/styles.css
2025-01-16T16:52:36.665Z [INFO] Connecting to MongoDB...
2025-01-16T16:52:36.696Z [INFO] Successfully connected to MongoDB!
2025-01-16T16:52:36.698Z [INFO] Server is running on http://localhost:5000
2025-01-16T16:52:36.698Z [INFO] API available at http://localhost:5000/api/raffles
2025-01-16T16:52:36.698Z [INFO] Admin Dashboard available at http://localhost:5000/dashboard
2025-01-16T16:59:18.504Z [INFO] Connecting to MongoDB...
2025-01-16T16:59:18.538Z [INFO] Successfully connected to MongoDB!
2025-01-16T17:00:07.991Z [INFO] Connecting to MongoDB...
2025-01-16T17:00:08.026Z [INFO] Successfully connected to MongoDB!
2025-01-16T17:00:08.029Z [INFO] Server is running on http://localhost:5000
2025-01-16T17:00:08.029Z [INFO] API available at http://localhost:5000/api/raffles
2025-01-16T17:00:08.030Z [INFO] Admin Dashboard available at http://localhost:5000/dashboard
2025-01-16T17:00:54.012Z [INFO] Connecting to MongoDB...
2025-01-16T17:00:54.044Z [INFO] Successfully connected to MongoDB!
2025-01-16T17:00:54.046Z [INFO] Server is running on http://localhost:5000
2025-01-16T17:00:54.046Z [INFO] API available at http://localhost:5000/api/raffles
2025-01-16T17:00:54.046Z [INFO] Admin Dashboard available at http://localhost:5000/dashboard
2025-01-16T17:02:09.867Z [INFO] Base route accessed.
2025-01-16T17:40:28.097Z [INFO] Connecting to MongoDB...
2025-01-16T17:40:28.131Z [INFO] Successfully connected to MongoDB!
2025-01-16T17:40:28.133Z [INFO] Server is running on http://localhost:5000
2025-01-16T17:40:28.133Z [INFO] API available at http://localhost:5000/api/raffles
2025-01-16T17:40:28.134Z [INFO] Admin Dashboard available at http://localhost:5000/dashboard
2025-01-16T17:40:34.199Z [INFO] Base route accessed.
